<?xml version="1.0" encoding="UTF-8"?>
<testng-results skipped="0" failed="0" ignored="0" total="6" passed="6">
  <reporter-output>
  </reporter-output>
  <suite name="Surefire suite" duration-ms="1377" started-at="2020-03-09T17:13:18 IST" finished-at="2020-03-09T17:13:20 IST">
    <groups>
    </groups>
    <test name="Surefire test" duration-ms="1377" started-at="2020-03-09T17:13:18 IST" finished-at="2020-03-09T17:13:20 IST">
      <class name="qaclickacademy.AppiumTest">
        <test-method status="PASS" signature="IOSApps()[pri:0, instance:qaclickacademy.AppiumTest@6e6c3152]" name="IOSApps" duration-ms="280" started-at="2020-03-09T17:13:19 IST" finished-at="2020-03-09T17:13:20 IST">
          <reporter-output>
          </reporter-output>
        </test-method> <!-- IOSApps -->
        <test-method status="PASS" signature="NativeAndroidAPI()[pri:0, instance:qaclickacademy.AppiumTest@6e6c3152]" name="NativeAndroidAPI" duration-ms="1" started-at="2020-03-09T17:13:20 IST" finished-at="2020-03-09T17:13:20 IST">
          <reporter-output>
          </reporter-output>
        </test-method> <!-- NativeAndroidAPI -->
      </class> <!-- qaclickacademy.AppiumTest -->
      <class name="qaclickacademy.RestAPITest">
        <test-method status="PASS" signature="deleteTwitter()[pri:0, instance:qaclickacademy.RestAPITest@50b494a6]" name="deleteTwitter" duration-ms="1" started-at="2020-03-09T17:13:20 IST" finished-at="2020-03-09T17:13:20 IST">
          <reporter-output>
          </reporter-output>
        </test-method> <!-- deleteTwitter -->
        <test-method status="PASS" signature="postjira()[pri:0, instance:qaclickacademy.RestAPITest@50b494a6]" name="postjira" duration-ms="1" started-at="2020-03-09T17:13:20 IST" finished-at="2020-03-09T17:13:20 IST">
          <reporter-output>
          </reporter-output>
        </test-method> <!-- postjira -->
      </class> <!-- qaclickacademy.RestAPITest -->
      <class name="qaclickacademy.SeleniumTest">
        <test-method status="PASS" signature="BrowserAutomation()[pri:0, instance:qaclickacademy.SeleniumTest@3cef309d]" name="BrowserAutomation" duration-ms="1" started-at="2020-03-09T17:13:20 IST" finished-at="2020-03-09T17:13:20 IST">
          <reporter-output>
          </reporter-output>
        </test-method> <!-- BrowserAutomation -->
        <test-method status="PASS" signature="elementsui()[pri:0, instance:qaclickacademy.SeleniumTest@3cef309d]" name="elementsui" duration-ms="1" started-at="2020-03-09T17:13:20 IST" finished-at="2020-03-09T17:13:20 IST">
          <reporter-output>
          </reporter-output>
        </test-method> <!-- elementsui -->
      </class> <!-- qaclickacademy.SeleniumTest -->
    </test> <!-- Surefire test -->
  </suite> <!-- Surefire suite -->
</testng-results>
